BREV_ENV_ID=8l4hmix7l
[1;34m[INFO][0m [2025-10-15T17:22:38+0000] Starting instance bootstrap oneshot script
[1;34m[INFO][0m [2025-10-15T17:22:38+0000] Service state: inactive
inactive (inactive/dead)
[1;34m[INFO][0m [2025-10-15T17:22:38+0000] Setting up instance-oneshot service
[1;34m[INFO][0m [2025-10-15T17:22:38+0000] Creating environment file for service variables
[1;34m[INFO][0m [2025-10-15T17:22:38+0000] Creating systemd service file
[1;34m[INFO][0m [2025-10-15T17:22:39+0000] Reloading systemd configuration
[1;34m[INFO][0m [2025-10-15T17:22:39+0000] Starting instance-oneshot service
[1;34m[INFO][0m [2025-10-15T17:25:30+0000] Waiting for service to exit...
[1;34m[INFO][0m [2025-10-15T17:25:30+0000] Waiting for service to exit...
[1;34m[INFO][0m [2025-10-15T17:25:30+0000] Service has exited after 0s
[1;34m[INFO][0m [2025-10-15T17:25:30+0000] Instance bootstrap oneshot script completed
Installing uv...
 been updated to 1.1.1.1 (primary) and 8.8.8.8 (backup).
[2025-10-15T17:22:39+0000] [INFO] Disabling unattended-upgrades...
[2025-10-15T17:23:29+0000] [INFO] Creating ephemeral directory...
[2025-10-15T17:23:29+0000] [INFO] Moving user cache to ephemeral storage...
[2025-10-15T17:23:29+0000] [INFO] Copying existing cache to ephemeral storage...
[2025-10-15T17:23:29+0000] [INFO] Installing NVIDIA container toolkit...
[2025-10-15T17:23:30+0000] [INFO] nvidia-ctk version (1.17.8) meets the requirement (>= 1.17).
[2025-10-15T17:23:30+0000] [INFO] Docker is already installed.
[2025-10-15T17:23:30+0000] [INFO] Configuring Docker daemon MTU...
[2025-10-15T17:23:30+0000] [INFO] Host MTU detected: 9001
[2025-10-15T17:23:30+0000] [INFO] Valid JSON file, updating /etc/docker/daemon.json
[2025-10-15T17:23:30+0000] [INFO] Docker MTU configured to match host MTU
[2025-10-15T17:23:30+0000] [INFO] Configuring cdi
[2025-10-15T17:23:31+0000] [INFO] Configuring NVIDIA runtime...
[2025-10-15T17:23:31+0000] [INFO] NVIDIA runtime configured successfully
[2025-10-15T17:23:31+0000] [INFO] Docker configuration changed, restarting Docker service...
[2025-10-15T17:23:32+0000] [INFO] Docker service restarted successfully
[2025-10-15T17:23:32+0000] [INFO] Setting NVIDIA CTK default mode to 'cdi'...
[2025-10-15T17:23:33+0000] [INFO] nvidia-cdi-refresh service configured.
[2025-10-15T17:23:47+0000] [INFO] Docker is running correctly.
[2025-10-15T17:23:47+0000] [INFO] Adding user ubuntu to docker group...
[2025-10-15T17:23:47+0000] [INFO] Installing NVIDIA driver...
[2025-10-15T17:23:47+0000] [INFO] Current NVIDIA driver version (580.95.05) is greater than or equal to 535. Keeping the current version.
[2025-10-15T17:23:47+0000] [INFO] Docker is installed.
[2025-10-15T17:23:47+0000] [INFO] Docker is managed by systemd. Attempting to restart Docker service...
[2025-10-15T17:23:48+0000] [INFO] Docker service restarted successfully.
[2025-10-15T17:23:48+0000] [INFO] Setting up metrics...
[2025-10-15T17:25:30+0000] [INFO] Metrics setup completed
[2025-10-15T17:25:30+0000] [INFO] Docker daemon is up and running
[2025-10-15T17:25:30+0000] [INFO] System configuration completed successfully
[2025-10-15T17:25:30+0000] [INFO] Waiting for service to exit...
[2025-10-15T17:25:30+0000] [INFO] Waiting for service to exit...
[2025-10-15T17:25:30+0000] [INFO] Service has exited after 0s
[2025-10-15T17:25:30+0000] [INFO] Instance bootstrap oneshot script completed
downloading uv 0.9.3 x86_64-unknown-linux-gnu
no checksums to verify
installing to /home/ubuntu/.local/bin
  uv
  uvx
everything's installed!

To add $HOME/.local/bin to your PATH, either restart your shell or run:

    source $HOME/.local/bin/env (sh, bash, zsh)
    source $HOME/.local/bin/env.fish (fish)
Adding uv to PATH in .bashrc...
uv path added to .bashrc
Installing Python 3.12 with uv...
Downloading cpython-3.12.12-linux-x86_64-gnu (download) (31.1MiB)
 Downloading cpython-3.12.12-linux-x86_64-gnu (download)
Installed Python 3.12.12 in 1.35s
 + cpython-3.12.12-linux-x86_64-gnu (python3.12)
Creating virtual environment with Python 3.12 in home directory...
Using CPython 3.12.12
Creating virtual environment at: .venv
Activate with: source .venv/bin/activate
Activating virtual environment...
Python 3.12 installed and virtual environment created successfully.
Installing JupyterLab in virtual environment...
Resolved 92 packages in 282ms
Downloading jupyterlab (11.7MiB)
Downloading pygments (1.2MiB)
Downloading setuptools (1.1MiB)
Downloading babel (9.7MiB)
Downloading jedi (1.5MiB)
Downloading debugpy (4.1MiB)
 Downloading pygments
 Downloading debugpy
 Downloading setuptools
 Downloading jupyterlab
 Downloading babel
 Downloading jedi
Prepared 92 packages in 1.10s
Installed 92 packages in 110ms
 + anyio==4.11.0
 + argon2-cffi==25.1.0
 + argon2-cffi-bindings==25.1.0
 + arrow==1.3.0
 + asttokens==3.0.0
 + async-lru==2.0.5
 + attrs==25.4.0
 + babel==2.17.0
 + beautifulsoup4==4.14.2
 + bleach==6.2.0
 + certifi==2025.10.5
 + cffi==2.0.0
 + charset-normalizer==3.4.4
 + comm==0.2.3
 + debugpy==1.8.17
 + decorator==5.2.1
 + defusedxml==0.7.1
 + executing==2.2.1
 + fastjsonschema==2.21.2
 + fqdn==1.5.1
 + h11==0.16.0
 + httpcore==1.0.9
 + httpx==0.28.1
 + idna==3.11
 + ipykernel==7.0.1
 + ipython==9.6.0
 + ipython-pygments-lexers==1.1.1
 + isoduration==20.11.0
 + jedi==0.19.2
 + jinja2==3.1.6
 + json5==0.12.1
 + jsonpointer==3.0.0
 + jsonschema==4.25.1
 + jsonschema-specifications==2025.9.1
 + jupyter-client==8.6.3
 + jupyter-core==5.8.1
 + jupyter-events==0.12.0
 + jupyter-lsp==2.3.0
 + jupyter-server==2.17.0
 + jupyter-server-terminals==0.5.3
 + jupyterlab==4.4.9
 + jupyterlab-pygments==0.3.0
 + jupyterlab-server==2.27.3
 + lark==1.3.0
 + markupsafe==3.0.3
 + matplotlib-inline==0.1.7
 + mistune==3.1.4
 + nbclient==0.10.2
 + nbconvert==7.16.6
 + nbformat==5.10.4
 + nest-asyncio==1.6.0
 + notebook-shim==0.2.4
 + packaging==25.0
 + pandocfilters==1.5.1
 + parso==0.8.5
 + pexpect==4.9.0
 + platformdirs==4.5.0
 + prometheus-client==0.23.1
 + prompt-toolkit==3.0.52
 + psutil==7.1.0
 + ptyprocess==0.7.0
 + pure-eval==0.2.3
 + pycparser==2.23
 + pygments==2.19.2
 + python-dateutil==2.9.0.post0
 + python-json-logger==4.0.0
 + pyyaml==6.0.3
 + pyzmq==27.1.0
 + referencing==0.37.0
 + requests==2.32.5
 + rfc3339-validator==0.1.4
 + rfc3986-validator==0.1.1
 + rfc3987-syntax==1.1.0
 + rpds-py==0.27.1
 + send2trash==1.8.3
 + setuptools==80.9.0
 + six==1.17.0
 + sniffio==1.3.1
 + soupsieve==2.8
 + stack-data==0.6.3
 + terminado==0.18.1
 + tinycss2==1.4.0
 + tornado==6.5.2
 + traitlets==5.14.3
 + types-python-dateutil==2.9.0.20251008
 + typing-extensions==4.15.0
 + uri-template==1.3.0
 + urllib3==2.5.0
 + wcwidth==0.2.14
 + webcolors==24.11.1
 + webencodings==0.5.1
 + websocket-client==1.9.0
Creating JupyterLab systemd service...
Created symlink /etc/systemd/system/multi-user.target.wants/jupyter.service → /etc/systemd/system/jupyter.service.
